{
  "stats": {
    "suites": 14,
    "tests": 121,
    "passes": 121,
    "pending": 0,
    "failures": 0,
    "start": "2019-01-22T09:09:39.642Z",
    "end": "2019-01-22T09:09:39.780Z",
    "duration": 138,
    "testsRegistered": 121,
    "passPercent": 100,
    "pendingPercent": 0,
    "other": 0,
    "hasOther": false,
    "skipped": 0,
    "hasSkipped": false,
    "passPercentClass": "success",
    "pendingPercentClass": "danger"
  },
  "suites": {
    "uuid": "02f65d20-6dc3-4d30-8037-ef6c0edba37e",
    "title": "",
    "fullFile": "",
    "file": "",
    "beforeHooks": [],
    "afterHooks": [],
    "tests": [],
    "suites": [
      {
        "uuid": "c37db9d3-5c2e-4aeb-b7fe-c7c7b05ea702",
        "title": "Fx static methods",
        "fullFile": "F:\\github\\fx\\test\\static.ts",
        "file": "\\test\\static.ts",
        "beforeHooks": [],
        "afterHooks": [],
        "tests": [],
        "suites": [
          {
            "uuid": "307300fa-da90-443a-8e5f-4bf7d93f1bcd",
            "title": "Fx.type(o: any): string",
            "fullFile": "F:\\github\\fx\\test\\static.ts",
            "file": "\\test\\static.ts",
            "beforeHooks": [],
            "afterHooks": [],
            "tests": [
              {
                "title": "Input: string, Output: string",
                "fullTitle": "Fx static methods Fx.type(o: any): string Input: string, Output: string",
                "timedOut": false,
                "duration": 2,
                "state": "passed",
                "speed": "fast",
                "pass": true,
                "fail": false,
                "pending": false,
                "code": "chai_1.expect(fx_1.default.type(dataInJs[i])).to.equal(type);",
                "err": {},
                "isRoot": false,
                "uuid": "7c3c2e58-9a8d-4460-a452-fe532a4521d7",
                "isHook": false,
                "skipped": false
              },
              {
                "title": "Input: number, Output: number",
                "fullTitle": "Fx static methods Fx.type(o: any): string Input: number, Output: number",
                "timedOut": false,
                "duration": 0,
                "state": "passed",
                "speed": "fast",
                "pass": true,
                "fail": false,
                "pending": false,
                "code": "chai_1.expect(fx_1.default.type(dataInJs[i])).to.equal(type);",
                "err": {},
                "isRoot": false,
                "uuid": "c861c2fc-4981-43ef-9d79-ba66751a9f75",
                "isHook": false,
                "skipped": false
              },
              {
                "title": "Input: boolean, Output: boolean",
                "fullTitle": "Fx static methods Fx.type(o: any): string Input: boolean, Output: boolean",
                "timedOut": false,
                "duration": 0,
                "state": "passed",
                "speed": "fast",
                "pass": true,
                "fail": false,
                "pending": false,
                "code": "chai_1.expect(fx_1.default.type(dataInJs[i])).to.equal(type);",
                "err": {},
                "isRoot": false,
                "uuid": "22dd9f85-ede8-41b2-8457-5022852270bb",
                "isHook": false,
                "skipped": false
              },
              {
                "title": "Input: null, Output: null",
                "fullTitle": "Fx static methods Fx.type(o: any): string Input: null, Output: null",
                "timedOut": false,
                "duration": 0,
                "state": "passed",
                "speed": "fast",
                "pass": true,
                "fail": false,
                "pending": false,
                "code": "chai_1.expect(fx_1.default.type(dataInJs[i])).to.equal(type);",
                "err": {},
                "isRoot": false,
                "uuid": "14f15761-3b0b-4cfc-9b74-2c755368e036",
                "isHook": false,
                "skipped": false
              },
              {
                "title": "Input: undefined, Output: undefined",
                "fullTitle": "Fx static methods Fx.type(o: any): string Input: undefined, Output: undefined",
                "timedOut": false,
                "duration": 0,
                "state": "passed",
                "speed": "fast",
                "pass": true,
                "fail": false,
                "pending": false,
                "code": "chai_1.expect(fx_1.default.type(dataInJs[i])).to.equal(type);",
                "err": {},
                "isRoot": false,
                "uuid": "b81aeddc-0445-495f-be07-e492e19d452f",
                "isHook": false,
                "skipped": false
              },
              {
                "title": "Input: object, Output: object",
                "fullTitle": "Fx static methods Fx.type(o: any): string Input: object, Output: object",
                "timedOut": false,
                "duration": 0,
                "state": "passed",
                "speed": "fast",
                "pass": true,
                "fail": false,
                "pending": false,
                "code": "chai_1.expect(fx_1.default.type(dataInJs[i])).to.equal(type);",
                "err": {},
                "isRoot": false,
                "uuid": "d140d0b4-4037-4fe3-9950-e1813412c1e4",
                "isHook": false,
                "skipped": false
              },
              {
                "title": "Input: date, Output: date",
                "fullTitle": "Fx static methods Fx.type(o: any): string Input: date, Output: date",
                "timedOut": false,
                "duration": 0,
                "state": "passed",
                "speed": "fast",
                "pass": true,
                "fail": false,
                "pending": false,
                "code": "chai_1.expect(fx_1.default.type(dataInJs[i])).to.equal(type);",
                "err": {},
                "isRoot": false,
                "uuid": "36535d5a-f2e6-47dc-89e8-b009cf68fab7",
                "isHook": false,
                "skipped": false
              },
              {
                "title": "Input: regexp, Output: regexp",
                "fullTitle": "Fx static methods Fx.type(o: any): string Input: regexp, Output: regexp",
                "timedOut": false,
                "duration": 0,
                "state": "passed",
                "speed": "fast",
                "pass": true,
                "fail": false,
                "pending": false,
                "code": "chai_1.expect(fx_1.default.type(dataInJs[i])).to.equal(type);",
                "err": {},
                "isRoot": false,
                "uuid": "0577b5c6-ed98-4d0c-82a0-053bc0c0c760",
                "isHook": false,
                "skipped": false
              },
              {
                "title": "Input: function, Output: function",
                "fullTitle": "Fx static methods Fx.type(o: any): string Input: function, Output: function",
                "timedOut": false,
                "duration": 1,
                "state": "passed",
                "speed": "fast",
                "pass": true,
                "fail": false,
                "pending": false,
                "code": "chai_1.expect(fx_1.default.type(dataInJs[i])).to.equal(type);",
                "err": {},
                "isRoot": false,
                "uuid": "ca164641-7d3d-4b10-af3a-1da8e3aaf139",
                "isHook": false,
                "skipped": false
              },
              {
                "title": "Input: array, Output: array",
                "fullTitle": "Fx static methods Fx.type(o: any): string Input: array, Output: array",
                "timedOut": false,
                "duration": 0,
                "state": "passed",
                "speed": "fast",
                "pass": true,
                "fail": false,
                "pending": false,
                "code": "chai_1.expect(fx_1.default.type(dataInJs[i])).to.equal(type);",
                "err": {},
                "isRoot": false,
                "uuid": "629ef66d-f797-4fe3-9cf6-4aac6fea5b3c",
                "isHook": false,
                "skipped": false
              }
            ],
            "suites": [],
            "passes": [
              "7c3c2e58-9a8d-4460-a452-fe532a4521d7",
              "c861c2fc-4981-43ef-9d79-ba66751a9f75",
              "22dd9f85-ede8-41b2-8457-5022852270bb",
              "14f15761-3b0b-4cfc-9b74-2c755368e036",
              "b81aeddc-0445-495f-be07-e492e19d452f",
              "d140d0b4-4037-4fe3-9950-e1813412c1e4",
              "36535d5a-f2e6-47dc-89e8-b009cf68fab7",
              "0577b5c6-ed98-4d0c-82a0-053bc0c0c760",
              "ca164641-7d3d-4b10-af3a-1da8e3aaf139",
              "629ef66d-f797-4fe3-9cf6-4aac6fea5b3c"
            ],
            "failures": [],
            "pending": [],
            "skipped": [],
            "duration": 3,
            "root": false,
            "rootEmpty": false,
            "_timeout": 2000
          },
          {
            "uuid": "6e28c82a-1532-4b6c-8519-d7a82f291c1a",
            "title": "Fx.isBoolean(o: any): boolean",
            "fullFile": "F:\\github\\fx\\test\\static.ts",
            "file": "\\test\\static.ts",
            "beforeHooks": [],
            "afterHooks": [],
            "tests": [
              {
                "title": "Input: string, Output: false",
                "fullTitle": "Fx static methods Fx.isBoolean(o: any): boolean Input: string, Output: false",
                "timedOut": false,
                "duration": 1,
                "state": "passed",
                "speed": "fast",
                "pass": true,
                "fail": false,
                "pending": false,
                "code": "chai_1.expect(fx_1.default.isBoolean(dataInJs[i])).to.equal(type === 'boolean');",
                "err": {},
                "isRoot": false,
                "uuid": "3a83e548-57da-46f8-9b0c-d5454c3bc4d8",
                "isHook": false,
                "skipped": false
              },
              {
                "title": "Input: number, Output: false",
                "fullTitle": "Fx static methods Fx.isBoolean(o: any): boolean Input: number, Output: false",
                "timedOut": false,
                "duration": 0,
                "state": "passed",
                "speed": "fast",
                "pass": true,
                "fail": false,
                "pending": false,
                "code": "chai_1.expect(fx_1.default.isBoolean(dataInJs[i])).to.equal(type === 'boolean');",
                "err": {},
                "isRoot": false,
                "uuid": "ed90947e-09ed-4037-85d9-327bffd2b203",
                "isHook": false,
                "skipped": false
              },
              {
                "title": "Input: boolean, Output: true",
                "fullTitle": "Fx static methods Fx.isBoolean(o: any): boolean Input: boolean, Output: true",
                "timedOut": false,
                "duration": 0,
                "state": "passed",
                "speed": "fast",
                "pass": true,
                "fail": false,
                "pending": false,
                "code": "chai_1.expect(fx_1.default.isBoolean(dataInJs[i])).to.equal(type === 'boolean');",
                "err": {},
                "isRoot": false,
                "uuid": "470ddae4-f563-4e6a-abff-58323d5c700e",
                "isHook": false,
                "skipped": false
              },
              {
                "title": "Input: null, Output: false",
                "fullTitle": "Fx static methods Fx.isBoolean(o: any): boolean Input: null, Output: false",
                "timedOut": false,
                "duration": 0,
                "state": "passed",
                "speed": "fast",
                "pass": true,
                "fail": false,
                "pending": false,
                "code": "chai_1.expect(fx_1.default.isBoolean(dataInJs[i])).to.equal(type === 'boolean');",
                "err": {},
                "isRoot": false,
                "uuid": "98c24571-1e27-434e-96a6-25c55946816b",
                "isHook": false,
                "skipped": false
              },
              {
                "title": "Input: undefined, Output: false",
                "fullTitle": "Fx static methods Fx.isBoolean(o: any): boolean Input: undefined, Output: false",
                "timedOut": false,
                "duration": 0,
                "state": "passed",
                "speed": "fast",
                "pass": true,
                "fail": false,
                "pending": false,
                "code": "chai_1.expect(fx_1.default.isBoolean(dataInJs[i])).to.equal(type === 'boolean');",
                "err": {},
                "isRoot": false,
                "uuid": "2b4888a8-a8f3-4cee-9d46-f316a58108b7",
                "isHook": false,
                "skipped": false
              },
              {
                "title": "Input: object, Output: false",
                "fullTitle": "Fx static methods Fx.isBoolean(o: any): boolean Input: object, Output: false",
                "timedOut": false,
                "duration": 0,
                "state": "passed",
                "speed": "fast",
                "pass": true,
                "fail": false,
                "pending": false,
                "code": "chai_1.expect(fx_1.default.isBoolean(dataInJs[i])).to.equal(type === 'boolean');",
                "err": {},
                "isRoot": false,
                "uuid": "0b65adce-dfe9-4ec2-986e-a4c734fc14df",
                "isHook": false,
                "skipped": false
              },
              {
                "title": "Input: date, Output: false",
                "fullTitle": "Fx static methods Fx.isBoolean(o: any): boolean Input: date, Output: false",
                "timedOut": false,
                "duration": 0,
                "state": "passed",
                "speed": "fast",
                "pass": true,
                "fail": false,
                "pending": false,
                "code": "chai_1.expect(fx_1.default.isBoolean(dataInJs[i])).to.equal(type === 'boolean');",
                "err": {},
                "isRoot": false,
                "uuid": "47b28b3a-8256-4c23-b39c-3e8b6f16872d",
                "isHook": false,
                "skipped": false
              },
              {
                "title": "Input: regexp, Output: false",
                "fullTitle": "Fx static methods Fx.isBoolean(o: any): boolean Input: regexp, Output: false",
                "timedOut": false,
                "duration": 0,
                "state": "passed",
                "speed": "fast",
                "pass": true,
                "fail": false,
                "pending": false,
                "code": "chai_1.expect(fx_1.default.isBoolean(dataInJs[i])).to.equal(type === 'boolean');",
                "err": {},
                "isRoot": false,
                "uuid": "a0be7971-ae73-4ba3-9fe2-a313cff35469",
                "isHook": false,
                "skipped": false
              },
              {
                "title": "Input: function, Output: false",
                "fullTitle": "Fx static methods Fx.isBoolean(o: any): boolean Input: function, Output: false",
                "timedOut": false,
                "duration": 0,
                "state": "passed",
                "speed": "fast",
                "pass": true,
                "fail": false,
                "pending": false,
                "code": "chai_1.expect(fx_1.default.isBoolean(dataInJs[i])).to.equal(type === 'boolean');",
                "err": {},
                "isRoot": false,
                "uuid": "08107966-1600-42b1-a0f1-fc24d7f6bbf8",
                "isHook": false,
                "skipped": false
              },
              {
                "title": "Input: array, Output: false",
                "fullTitle": "Fx static methods Fx.isBoolean(o: any): boolean Input: array, Output: false",
                "timedOut": false,
                "duration": 0,
                "state": "passed",
                "speed": "fast",
                "pass": true,
                "fail": false,
                "pending": false,
                "code": "chai_1.expect(fx_1.default.isBoolean(dataInJs[i])).to.equal(type === 'boolean');",
                "err": {},
                "isRoot": false,
                "uuid": "70d79d69-87cc-4272-94df-556d6b334381",
                "isHook": false,
                "skipped": false
              }
            ],
            "suites": [],
            "passes": [
              "3a83e548-57da-46f8-9b0c-d5454c3bc4d8",
              "ed90947e-09ed-4037-85d9-327bffd2b203",
              "470ddae4-f563-4e6a-abff-58323d5c700e",
              "98c24571-1e27-434e-96a6-25c55946816b",
              "2b4888a8-a8f3-4cee-9d46-f316a58108b7",
              "0b65adce-dfe9-4ec2-986e-a4c734fc14df",
              "47b28b3a-8256-4c23-b39c-3e8b6f16872d",
              "a0be7971-ae73-4ba3-9fe2-a313cff35469",
              "08107966-1600-42b1-a0f1-fc24d7f6bbf8",
              "70d79d69-87cc-4272-94df-556d6b334381"
            ],
            "failures": [],
            "pending": [],
            "skipped": [],
            "duration": 1,
            "root": false,
            "rootEmpty": false,
            "_timeout": 2000
          },
          {
            "uuid": "5961fac5-6946-4fb3-bead-714c485b60a6",
            "title": "Fx.isString(o: any): boolean",
            "fullFile": "F:\\github\\fx\\test\\static.ts",
            "file": "\\test\\static.ts",
            "beforeHooks": [],
            "afterHooks": [],
            "tests": [
              {
                "title": "Input: string, Output: true",
                "fullTitle": "Fx static methods Fx.isString(o: any): boolean Input: string, Output: true",
                "timedOut": false,
                "duration": 0,
                "state": "passed",
                "speed": "fast",
                "pass": true,
                "fail": false,
                "pending": false,
                "code": "chai_1.expect(fx_1.default.isString(dataInJs[i])).to.equal(type === 'string');",
                "err": {},
                "isRoot": false,
                "uuid": "dc343669-17e4-4004-8ff1-739e767a7ab3",
                "isHook": false,
                "skipped": false
              },
              {
                "title": "Input: number, Output: false",
                "fullTitle": "Fx static methods Fx.isString(o: any): boolean Input: number, Output: false",
                "timedOut": false,
                "duration": 0,
                "state": "passed",
                "speed": "fast",
                "pass": true,
                "fail": false,
                "pending": false,
                "code": "chai_1.expect(fx_1.default.isString(dataInJs[i])).to.equal(type === 'string');",
                "err": {},
                "isRoot": false,
                "uuid": "7ac1f633-5a59-4204-ac75-a21035fe24cf",
                "isHook": false,
                "skipped": false
              },
              {
                "title": "Input: boolean, Output: false",
                "fullTitle": "Fx static methods Fx.isString(o: any): boolean Input: boolean, Output: false",
                "timedOut": false,
                "duration": 0,
                "state": "passed",
                "speed": "fast",
                "pass": true,
                "fail": false,
                "pending": false,
                "code": "chai_1.expect(fx_1.default.isString(dataInJs[i])).to.equal(type === 'string');",
                "err": {},
                "isRoot": false,
                "uuid": "257c82b4-9933-4111-9e74-22fd8890da69",
                "isHook": false,
                "skipped": false
              },
              {
                "title": "Input: null, Output: false",
                "fullTitle": "Fx static methods Fx.isString(o: any): boolean Input: null, Output: false",
                "timedOut": false,
                "duration": 0,
                "state": "passed",
                "speed": "fast",
                "pass": true,
                "fail": false,
                "pending": false,
                "code": "chai_1.expect(fx_1.default.isString(dataInJs[i])).to.equal(type === 'string');",
                "err": {},
                "isRoot": false,
                "uuid": "19766a39-76e3-478f-b724-1397c7e4418b",
                "isHook": false,
                "skipped": false
              },
              {
                "title": "Input: undefined, Output: false",
                "fullTitle": "Fx static methods Fx.isString(o: any): boolean Input: undefined, Output: false",
                "timedOut": false,
                "duration": 0,
                "state": "passed",
                "speed": "fast",
                "pass": true,
                "fail": false,
                "pending": false,
                "code": "chai_1.expect(fx_1.default.isString(dataInJs[i])).to.equal(type === 'string');",
                "err": {},
                "isRoot": false,
                "uuid": "79bbe72c-227b-453b-acb6-18ec23d2909b",
                "isHook": false,
                "skipped": false
              },
              {
                "title": "Input: object, Output: false",
                "fullTitle": "Fx static methods Fx.isString(o: any): boolean Input: object, Output: false",
                "timedOut": false,
                "duration": 0,
                "state": "passed",
                "speed": "fast",
                "pass": true,
                "fail": false,
                "pending": false,
                "code": "chai_1.expect(fx_1.default.isString(dataInJs[i])).to.equal(type === 'string');",
                "err": {},
                "isRoot": false,
                "uuid": "d10d8649-b041-4f85-8c79-fb6cd18f6aa4",
                "isHook": false,
                "skipped": false
              },
              {
                "title": "Input: date, Output: false",
                "fullTitle": "Fx static methods Fx.isString(o: any): boolean Input: date, Output: false",
                "timedOut": false,
                "duration": 0,
                "state": "passed",
                "speed": "fast",
                "pass": true,
                "fail": false,
                "pending": false,
                "code": "chai_1.expect(fx_1.default.isString(dataInJs[i])).to.equal(type === 'string');",
                "err": {},
                "isRoot": false,
                "uuid": "4fc4a19f-1d89-4a6a-9ee1-221af94b655b",
                "isHook": false,
                "skipped": false
              },
              {
                "title": "Input: regexp, Output: false",
                "fullTitle": "Fx static methods Fx.isString(o: any): boolean Input: regexp, Output: false",
                "timedOut": false,
                "duration": 0,
                "state": "passed",
                "speed": "fast",
                "pass": true,
                "fail": false,
                "pending": false,
                "code": "chai_1.expect(fx_1.default.isString(dataInJs[i])).to.equal(type === 'string');",
                "err": {},
                "isRoot": false,
                "uuid": "8081382a-5f61-4737-a23b-864d98e71dea",
                "isHook": false,
                "skipped": false
              },
              {
                "title": "Input: function, Output: false",
                "fullTitle": "Fx static methods Fx.isString(o: any): boolean Input: function, Output: false",
                "timedOut": false,
                "duration": 0,
                "state": "passed",
                "speed": "fast",
                "pass": true,
                "fail": false,
                "pending": false,
                "code": "chai_1.expect(fx_1.default.isString(dataInJs[i])).to.equal(type === 'string');",
                "err": {},
                "isRoot": false,
                "uuid": "7faac191-3f0c-4c9b-86fe-43fc539e0bde",
                "isHook": false,
                "skipped": false
              },
              {
                "title": "Input: array, Output: false",
                "fullTitle": "Fx static methods Fx.isString(o: any): boolean Input: array, Output: false",
                "timedOut": false,
                "duration": 0,
                "state": "passed",
                "speed": "fast",
                "pass": true,
                "fail": false,
                "pending": false,
                "code": "chai_1.expect(fx_1.default.isString(dataInJs[i])).to.equal(type === 'string');",
                "err": {},
                "isRoot": false,
                "uuid": "308dd333-c897-43de-8155-2b319913d9a1",
                "isHook": false,
                "skipped": false
              }
            ],
            "suites": [],
            "passes": [
              "dc343669-17e4-4004-8ff1-739e767a7ab3",
              "7ac1f633-5a59-4204-ac75-a21035fe24cf",
              "257c82b4-9933-4111-9e74-22fd8890da69",
              "19766a39-76e3-478f-b724-1397c7e4418b",
              "79bbe72c-227b-453b-acb6-18ec23d2909b",
              "d10d8649-b041-4f85-8c79-fb6cd18f6aa4",
              "4fc4a19f-1d89-4a6a-9ee1-221af94b655b",
              "8081382a-5f61-4737-a23b-864d98e71dea",
              "7faac191-3f0c-4c9b-86fe-43fc539e0bde",
              "308dd333-c897-43de-8155-2b319913d9a1"
            ],
            "failures": [],
            "pending": [],
            "skipped": [],
            "duration": 0,
            "root": false,
            "rootEmpty": false,
            "_timeout": 2000
          },
          {
            "uuid": "660acbb4-6ed2-4c39-b19d-f3e60cb877c1",
            "title": "Fx.isUndefined(o: any): boolean",
            "fullFile": "F:\\github\\fx\\test\\static.ts",
            "file": "\\test\\static.ts",
            "beforeHooks": [],
            "afterHooks": [],
            "tests": [
              {
                "title": "Input: string, Output: false",
                "fullTitle": "Fx static methods Fx.isUndefined(o: any): boolean Input: string, Output: false",
                "timedOut": false,
                "duration": 0,
                "state": "passed",
                "speed": "fast",
                "pass": true,
                "fail": false,
                "pending": false,
                "code": "chai_1.expect(fx_1.default.isUndefined(dataInJs[i])).to.equal(type === 'undefined');",
                "err": {},
                "isRoot": false,
                "uuid": "ec22e2d0-4ba6-408c-9725-8a0266a7d12f",
                "isHook": false,
                "skipped": false
              },
              {
                "title": "Input: number, Output: false",
                "fullTitle": "Fx static methods Fx.isUndefined(o: any): boolean Input: number, Output: false",
                "timedOut": false,
                "duration": 0,
                "state": "passed",
                "speed": "fast",
                "pass": true,
                "fail": false,
                "pending": false,
                "code": "chai_1.expect(fx_1.default.isUndefined(dataInJs[i])).to.equal(type === 'undefined');",
                "err": {},
                "isRoot": false,
                "uuid": "da88763b-2512-4a85-bd71-a1a7f7fe5895",
                "isHook": false,
                "skipped": false
              },
              {
                "title": "Input: boolean, Output: false",
                "fullTitle": "Fx static methods Fx.isUndefined(o: any): boolean Input: boolean, Output: false",
                "timedOut": false,
                "duration": 0,
                "state": "passed",
                "speed": "fast",
                "pass": true,
                "fail": false,
                "pending": false,
                "code": "chai_1.expect(fx_1.default.isUndefined(dataInJs[i])).to.equal(type === 'undefined');",
                "err": {},
                "isRoot": false,
                "uuid": "0698e0e6-bdf8-4b04-8a98-2922673b0bac",
                "isHook": false,
                "skipped": false
              },
              {
                "title": "Input: null, Output: false",
                "fullTitle": "Fx static methods Fx.isUndefined(o: any): boolean Input: null, Output: false",
                "timedOut": false,
                "duration": 0,
                "state": "passed",
                "speed": "fast",
                "pass": true,
                "fail": false,
                "pending": false,
                "code": "chai_1.expect(fx_1.default.isUndefined(dataInJs[i])).to.equal(type === 'undefined');",
                "err": {},
                "isRoot": false,
                "uuid": "1fd26a98-e94e-448d-896c-0b8683210307",
                "isHook": false,
                "skipped": false
              },
              {
                "title": "Input: undefined, Output: true",
                "fullTitle": "Fx static methods Fx.isUndefined(o: any): boolean Input: undefined, Output: true",
                "timedOut": false,
                "duration": 0,
                "state": "passed",
                "speed": "fast",
                "pass": true,
                "fail": false,
                "pending": false,
                "code": "chai_1.expect(fx_1.default.isUndefined(dataInJs[i])).to.equal(type === 'undefined');",
                "err": {},
                "isRoot": false,
                "uuid": "c967d9ca-a85d-4256-9796-16238692d2a1",
                "isHook": false,
                "skipped": false
              },
              {
                "title": "Input: object, Output: false",
                "fullTitle": "Fx static methods Fx.isUndefined(o: any): boolean Input: object, Output: false",
                "timedOut": false,
                "duration": 0,
                "state": "passed",
                "speed": "fast",
                "pass": true,
                "fail": false,
                "pending": false,
                "code": "chai_1.expect(fx_1.default.isUndefined(dataInJs[i])).to.equal(type === 'undefined');",
                "err": {},
                "isRoot": false,
                "uuid": "a6ab773f-a5fd-4c20-ba37-fedac17200d1",
                "isHook": false,
                "skipped": false
              },
              {
                "title": "Input: date, Output: false",
                "fullTitle": "Fx static methods Fx.isUndefined(o: any): boolean Input: date, Output: false",
                "timedOut": false,
                "duration": 0,
                "state": "passed",
                "speed": "fast",
                "pass": true,
                "fail": false,
                "pending": false,
                "code": "chai_1.expect(fx_1.default.isUndefined(dataInJs[i])).to.equal(type === 'undefined');",
                "err": {},
                "isRoot": false,
                "uuid": "3ff3e0a2-dc74-4b4a-a8fe-e1d0cacb145a",
                "isHook": false,
                "skipped": false
              },
              {
                "title": "Input: regexp, Output: false",
                "fullTitle": "Fx static methods Fx.isUndefined(o: any): boolean Input: regexp, Output: false",
                "timedOut": false,
                "duration": 0,
                "state": "passed",
                "speed": "fast",
                "pass": true,
                "fail": false,
                "pending": false,
                "code": "chai_1.expect(fx_1.default.isUndefined(dataInJs[i])).to.equal(type === 'undefined');",
                "err": {},
                "isRoot": false,
                "uuid": "10820c3f-66e9-4cbb-8fbc-a7b83e11d486",
                "isHook": false,
                "skipped": false
              },
              {
                "title": "Input: function, Output: false",
                "fullTitle": "Fx static methods Fx.isUndefined(o: any): boolean Input: function, Output: false",
                "timedOut": false,
                "duration": 0,
                "state": "passed",
                "speed": "fast",
                "pass": true,
                "fail": false,
                "pending": false,
                "code": "chai_1.expect(fx_1.default.isUndefined(dataInJs[i])).to.equal(type === 'undefined');",
                "err": {},
                "isRoot": false,
                "uuid": "172e5364-b45e-4e5e-adc0-091c4d71d1c6",
                "isHook": false,
                "skipped": false
              },
              {
                "title": "Input: array, Output: false",
                "fullTitle": "Fx static methods Fx.isUndefined(o: any): boolean Input: array, Output: false",
                "timedOut": false,
                "duration": 0,
                "state": "passed",
                "speed": "fast",
                "pass": true,
                "fail": false,
                "pending": false,
                "code": "chai_1.expect(fx_1.default.isUndefined(dataInJs[i])).to.equal(type === 'undefined');",
                "err": {},
                "isRoot": false,
                "uuid": "e8178acf-4cbe-40d6-ab12-26c2f9e28609",
                "isHook": false,
                "skipped": false
              }
            ],
            "suites": [],
            "passes": [
              "ec22e2d0-4ba6-408c-9725-8a0266a7d12f",
              "da88763b-2512-4a85-bd71-a1a7f7fe5895",
              "0698e0e6-bdf8-4b04-8a98-2922673b0bac",
              "1fd26a98-e94e-448d-896c-0b8683210307",
              "c967d9ca-a85d-4256-9796-16238692d2a1",
              "a6ab773f-a5fd-4c20-ba37-fedac17200d1",
              "3ff3e0a2-dc74-4b4a-a8fe-e1d0cacb145a",
              "10820c3f-66e9-4cbb-8fbc-a7b83e11d486",
              "172e5364-b45e-4e5e-adc0-091c4d71d1c6",
              "e8178acf-4cbe-40d6-ab12-26c2f9e28609"
            ],
            "failures": [],
            "pending": [],
            "skipped": [],
            "duration": 0,
            "root": false,
            "rootEmpty": false,
            "_timeout": 2000
          },
          {
            "uuid": "6e553c25-e126-4f53-a778-a2c390997db6",
            "title": "Fx.isNumber(o: any): boolean",
            "fullFile": "F:\\github\\fx\\test\\static.ts",
            "file": "\\test\\static.ts",
            "beforeHooks": [],
            "afterHooks": [],
            "tests": [
              {
                "title": "Input: string, Output: false",
                "fullTitle": "Fx static methods Fx.isNumber(o: any): boolean Input: string, Output: false",
                "timedOut": false,
                "duration": 0,
                "state": "passed",
                "speed": "fast",
                "pass": true,
                "fail": false,
                "pending": false,
                "code": "chai_1.expect(fx_1.default.isNumber(dataInJs[i])).to.equal(type === 'number');",
                "err": {},
                "isRoot": false,
                "uuid": "0e404436-245d-4faa-aab0-2d06760f00a5",
                "isHook": false,
                "skipped": false
              },
              {
                "title": "Input: number, Output: true",
                "fullTitle": "Fx static methods Fx.isNumber(o: any): boolean Input: number, Output: true",
                "timedOut": false,
                "duration": 0,
                "state": "passed",
                "speed": "fast",
                "pass": true,
                "fail": false,
                "pending": false,
                "code": "chai_1.expect(fx_1.default.isNumber(dataInJs[i])).to.equal(type === 'number');",
                "err": {},
                "isRoot": false,
                "uuid": "53589be1-0ff7-4067-ba04-7fab7f63f860",
                "isHook": false,
                "skipped": false
              },
              {
                "title": "Input: boolean, Output: false",
                "fullTitle": "Fx static methods Fx.isNumber(o: any): boolean Input: boolean, Output: false",
                "timedOut": false,
                "duration": 0,
                "state": "passed",
                "speed": "fast",
                "pass": true,
                "fail": false,
                "pending": false,
                "code": "chai_1.expect(fx_1.default.isNumber(dataInJs[i])).to.equal(type === 'number');",
                "err": {},
                "isRoot": false,
                "uuid": "511e2ef8-e09e-43b1-a935-6b328615f565",
                "isHook": false,
                "skipped": false
              },
              {
                "title": "Input: null, Output: false",
                "fullTitle": "Fx static methods Fx.isNumber(o: any): boolean Input: null, Output: false",
                "timedOut": false,
                "duration": 0,
                "state": "passed",
                "speed": "fast",
                "pass": true,
                "fail": false,
                "pending": false,
                "code": "chai_1.expect(fx_1.default.isNumber(dataInJs[i])).to.equal(type === 'number');",
                "err": {},
                "isRoot": false,
                "uuid": "b97eb199-d709-4596-b5c5-0e0448c2f248",
                "isHook": false,
                "skipped": false
              },
              {
                "title": "Input: undefined, Output: false",
                "fullTitle": "Fx static methods Fx.isNumber(o: any): boolean Input: undefined, Output: false",
                "timedOut": false,
                "duration": 0,
                "state": "passed",
                "speed": "fast",
                "pass": true,
                "fail": false,
                "pending": false,
                "code": "chai_1.expect(fx_1.default.isNumber(dataInJs[i])).to.equal(type === 'number');",
                "err": {},
                "isRoot": false,
                "uuid": "21f6aee5-e050-4fca-8141-36ffaf3d0649",
                "isHook": false,
                "skipped": false
              },
              {
                "title": "Input: object, Output: false",
                "fullTitle": "Fx static methods Fx.isNumber(o: any): boolean Input: object, Output: false",
                "timedOut": false,
                "duration": 0,
                "state": "passed",
                "speed": "fast",
                "pass": true,
                "fail": false,
                "pending": false,
                "code": "chai_1.expect(fx_1.default.isNumber(dataInJs[i])).to.equal(type === 'number');",
                "err": {},
                "isRoot": false,
                "uuid": "9c4adf6c-9e71-417f-9a8f-0364f4068a40",
                "isHook": false,
                "skipped": false
              },
              {
                "title": "Input: date, Output: false",
                "fullTitle": "Fx static methods Fx.isNumber(o: any): boolean Input: date, Output: false",
                "timedOut": false,
                "duration": 0,
                "state": "passed",
                "speed": "fast",
                "pass": true,
                "fail": false,
                "pending": false,
                "code": "chai_1.expect(fx_1.default.isNumber(dataInJs[i])).to.equal(type === 'number');",
                "err": {},
                "isRoot": false,
                "uuid": "ced0e9d3-a7de-47c1-8001-45b9b98226b1",
                "isHook": false,
                "skipped": false
              },
              {
                "title": "Input: regexp, Output: false",
                "fullTitle": "Fx static methods Fx.isNumber(o: any): boolean Input: regexp, Output: false",
                "timedOut": false,
                "duration": 0,
                "state": "passed",
                "speed": "fast",
                "pass": true,
                "fail": false,
                "pending": false,
                "code": "chai_1.expect(fx_1.default.isNumber(dataInJs[i])).to.equal(type === 'number');",
                "err": {},
                "isRoot": false,
                "uuid": "776ece54-f386-456e-bb3a-5321df6c39dd",
                "isHook": false,
                "skipped": false
              },
              {
                "title": "Input: function, Output: false",
                "fullTitle": "Fx static methods Fx.isNumber(o: any): boolean Input: function, Output: false",
                "timedOut": false,
                "duration": 0,
                "state": "passed",
                "speed": "fast",
                "pass": true,
                "fail": false,
                "pending": false,
                "code": "chai_1.expect(fx_1.default.isNumber(dataInJs[i])).to.equal(type === 'number');",
                "err": {},
                "isRoot": false,
                "uuid": "a7dd8a1a-a16a-4831-a8a7-14c116f3f9c8",
                "isHook": false,
                "skipped": false
              },
              {
                "title": "Input: array, Output: false",
                "fullTitle": "Fx static methods Fx.isNumber(o: any): boolean Input: array, Output: false",
                "timedOut": false,
                "duration": 1,
                "state": "passed",
                "speed": "fast",
                "pass": true,
                "fail": false,
                "pending": false,
                "code": "chai_1.expect(fx_1.default.isNumber(dataInJs[i])).to.equal(type === 'number');",
                "err": {},
                "isRoot": false,
                "uuid": "c05cd4cf-fce7-4396-a83e-6de8cd485aea",
                "isHook": false,
                "skipped": false
              }
            ],
            "suites": [],
            "passes": [
              "0e404436-245d-4faa-aab0-2d06760f00a5",
              "53589be1-0ff7-4067-ba04-7fab7f63f860",
              "511e2ef8-e09e-43b1-a935-6b328615f565",
              "b97eb199-d709-4596-b5c5-0e0448c2f248",
              "21f6aee5-e050-4fca-8141-36ffaf3d0649",
              "9c4adf6c-9e71-417f-9a8f-0364f4068a40",
              "ced0e9d3-a7de-47c1-8001-45b9b98226b1",
              "776ece54-f386-456e-bb3a-5321df6c39dd",
              "a7dd8a1a-a16a-4831-a8a7-14c116f3f9c8",
              "c05cd4cf-fce7-4396-a83e-6de8cd485aea"
            ],
            "failures": [],
            "pending": [],
            "skipped": [],
            "duration": 1,
            "root": false,
            "rootEmpty": false,
            "_timeout": 2000
          },
          {
            "uuid": "845601f8-3fe2-409c-986f-9e670eabb030",
            "title": "Fx.isNaN(o: any): boolean",
            "fullFile": "F:\\github\\fx\\test\\static.ts",
            "file": "\\test\\static.ts",
            "beforeHooks": [],
            "afterHooks": [],
            "tests": [
              {
                "title": "Input: string, Output: false",
                "fullTitle": "Fx static methods Fx.isNaN(o: any): boolean Input: string, Output: false",
                "timedOut": false,
                "duration": 0,
                "state": "passed",
                "speed": "fast",
                "pass": true,
                "fail": false,
                "pending": false,
                "code": "chai_1.expect(fx_1.default.isNaN(dataInJs[i])).to.equal(false);",
                "err": {},
                "isRoot": false,
                "uuid": "0a34b2d8-96b3-4d8c-a352-bbac4525342f",
                "isHook": false,
                "skipped": false
              },
              {
                "title": "Input: number, Output: false",
                "fullTitle": "Fx static methods Fx.isNaN(o: any): boolean Input: number, Output: false",
                "timedOut": false,
                "duration": 0,
                "state": "passed",
                "speed": "fast",
                "pass": true,
                "fail": false,
                "pending": false,
                "code": "chai_1.expect(fx_1.default.isNaN(dataInJs[i])).to.equal(false);",
                "err": {},
                "isRoot": false,
                "uuid": "4e091cc2-86d3-475e-9b4f-6d84ea2ec208",
                "isHook": false,
                "skipped": false
              },
              {
                "title": "Input: boolean, Output: false",
                "fullTitle": "Fx static methods Fx.isNaN(o: any): boolean Input: boolean, Output: false",
                "timedOut": false,
                "duration": 0,
                "state": "passed",
                "speed": "fast",
                "pass": true,
                "fail": false,
                "pending": false,
                "code": "chai_1.expect(fx_1.default.isNaN(dataInJs[i])).to.equal(false);",
                "err": {},
                "isRoot": false,
                "uuid": "da127817-1a6d-4437-96a0-ea5787b3abb9",
                "isHook": false,
                "skipped": false
              },
              {
                "title": "Input: null, Output: false",
                "fullTitle": "Fx static methods Fx.isNaN(o: any): boolean Input: null, Output: false",
                "timedOut": false,
                "duration": 0,
                "state": "passed",
                "speed": "fast",
                "pass": true,
                "fail": false,
                "pending": false,
                "code": "chai_1.expect(fx_1.default.isNaN(dataInJs[i])).to.equal(false);",
                "err": {},
                "isRoot": false,
                "uuid": "e7ab6915-d4d0-4529-b4c0-80128afe2af5",
                "isHook": false,
                "skipped": false
              },
              {
                "title": "Input: undefined, Output: false",
                "fullTitle": "Fx static methods Fx.isNaN(o: any): boolean Input: undefined, Output: false",
                "timedOut": false,
                "duration": 1,
                "state": "passed",
                "speed": "fast",
                "pass": true,
                "fail": false,
                "pending": false,
                "code": "chai_1.expect(fx_1.default.isNaN(dataInJs[i])).to.equal(false);",
                "err": {},
                "isRoot": false,
                "uuid": "a174f214-dde9-43c3-aad1-f2ad27892283",
                "isHook": false,
                "skipped": false
              },
              {
                "title": "Input: object, Output: false",
                "fullTitle": "Fx static methods Fx.isNaN(o: any): boolean Input: object, Output: false",
                "timedOut": false,
                "duration": 0,
                "state": "passed",
                "speed": "fast",
                "pass": true,
                "fail": false,
                "pending": false,
                "code": "chai_1.expect(fx_1.default.isNaN(dataInJs[i])).to.equal(false);",
                "err": {},
                "isRoot": false,
                "uuid": "4c652440-75a1-4cd9-9b6f-55b5d7241088",
                "isHook": false,
                "skipped": false
              },
              {
                "title": "Input: date, Output: false",
                "fullTitle": "Fx static methods Fx.isNaN(o: any): boolean Input: date, Output: false",
                "timedOut": false,
                "duration": 1,
                "state": "passed",
                "speed": "fast",
                "pass": true,
                "fail": false,
                "pending": false,
                "code": "chai_1.expect(fx_1.default.isNaN(dataInJs[i])).to.equal(false);",
                "err": {},
                "isRoot": false,
                "uuid": "a3a27466-1c5a-4b85-99d8-205685139f13",
                "isHook": false,
                "skipped": false
              },
              {
                "title": "Input: regexp, Output: false",
                "fullTitle": "Fx static methods Fx.isNaN(o: any): boolean Input: regexp, Output: false",
                "timedOut": false,
                "duration": 0,
                "state": "passed",
                "speed": "fast",
                "pass": true,
                "fail": false,
                "pending": false,
                "code": "chai_1.expect(fx_1.default.isNaN(dataInJs[i])).to.equal(false);",
                "err": {},
                "isRoot": false,
                "uuid": "38a6a83e-aadb-4c26-be3a-85914b89eb74",
                "isHook": false,
                "skipped": false
              },
              {
                "title": "Input: function, Output: false",
                "fullTitle": "Fx static methods Fx.isNaN(o: any): boolean Input: function, Output: false",
                "timedOut": false,
                "duration": 1,
                "state": "passed",
                "speed": "fast",
                "pass": true,
                "fail": false,
                "pending": false,
                "code": "chai_1.expect(fx_1.default.isNaN(dataInJs[i])).to.equal(false);",
                "err": {},
                "isRoot": false,
                "uuid": "a02d5298-5e14-43d3-bd1a-182b792f5977",
                "isHook": false,
                "skipped": false
              },
              {
                "title": "Input: array, Output: false",
                "fullTitle": "Fx static methods Fx.isNaN(o: any): boolean Input: array, Output: false",
                "timedOut": false,
                "duration": 0,
                "state": "passed",
                "speed": "fast",
                "pass": true,
                "fail": false,
                "pending": false,
                "code": "chai_1.expect(fx_1.default.isNaN(dataInJs[i])).to.equal(false);",
                "err": {},
                "isRoot": false,
                "uuid": "f29f6742-5132-4e29-95ef-34f3e4b5ad1b",
                "isHook": false,
                "skipped": false
              }
            ],
            "suites": [],
            "passes": [
              "0a34b2d8-96b3-4d8c-a352-bbac4525342f",
              "4e091cc2-86d3-475e-9b4f-6d84ea2ec208",
              "da127817-1a6d-4437-96a0-ea5787b3abb9",
              "e7ab6915-d4d0-4529-b4c0-80128afe2af5",
              "a174f214-dde9-43c3-aad1-f2ad27892283",
              "4c652440-75a1-4cd9-9b6f-55b5d7241088",
              "a3a27466-1c5a-4b85-99d8-205685139f13",
              "38a6a83e-aadb-4c26-be3a-85914b89eb74",
              "a02d5298-5e14-43d3-bd1a-182b792f5977",
              "f29f6742-5132-4e29-95ef-34f3e4b5ad1b"
            ],
            "failures": [],
            "pending": [],
            "skipped": [],
            "duration": 3,
            "root": false,
            "rootEmpty": false,
            "_timeout": 2000
          },
          {
            "uuid": "d430b18b-bb50-4b0e-937a-03fbdfb6ac76",
            "title": "Fx.isDate(o: any): boolean",
            "fullFile": "F:\\github\\fx\\test\\static.ts",
            "file": "\\test\\static.ts",
            "beforeHooks": [],
            "afterHooks": [],
            "tests": [
              {
                "title": "Input: string, Output: false",
                "fullTitle": "Fx static methods Fx.isDate(o: any): boolean Input: string, Output: false",
                "timedOut": false,
                "duration": 0,
                "state": "passed",
                "speed": "fast",
                "pass": true,
                "fail": false,
                "pending": false,
                "code": "chai_1.expect(fx_1.default.isDate(dataInJs[i])).to.equal(result);",
                "err": {},
                "isRoot": false,
                "uuid": "641b8006-295b-447a-ba84-56a8f8abc60d",
                "isHook": false,
                "skipped": false
              },
              {
                "title": "Input: number, Output: false",
                "fullTitle": "Fx static methods Fx.isDate(o: any): boolean Input: number, Output: false",
                "timedOut": false,
                "duration": 0,
                "state": "passed",
                "speed": "fast",
                "pass": true,
                "fail": false,
                "pending": false,
                "code": "chai_1.expect(fx_1.default.isDate(dataInJs[i])).to.equal(result);",
                "err": {},
                "isRoot": false,
                "uuid": "48bc26ff-1eca-4401-b2d5-ebaf4a239ace",
                "isHook": false,
                "skipped": false
              },
              {
                "title": "Input: boolean, Output: false",
                "fullTitle": "Fx static methods Fx.isDate(o: any): boolean Input: boolean, Output: false",
                "timedOut": false,
                "duration": 0,
                "state": "passed",
                "speed": "fast",
                "pass": true,
                "fail": false,
                "pending": false,
                "code": "chai_1.expect(fx_1.default.isDate(dataInJs[i])).to.equal(result);",
                "err": {},
                "isRoot": false,
                "uuid": "c1e51fa1-684a-44ec-bd73-709057975d11",
                "isHook": false,
                "skipped": false
              },
              {
                "title": "Input: null, Output: false",
                "fullTitle": "Fx static methods Fx.isDate(o: any): boolean Input: null, Output: false",
                "timedOut": false,
                "duration": 0,
                "state": "passed",
                "speed": "fast",
                "pass": true,
                "fail": false,
                "pending": false,
                "code": "chai_1.expect(fx_1.default.isDate(dataInJs[i])).to.equal(result);",
                "err": {},
                "isRoot": false,
                "uuid": "f13c802b-a87b-4f45-802e-d6e05427b6f5",
                "isHook": false,
                "skipped": false
              },
              {
                "title": "Input: undefined, Output: false",
                "fullTitle": "Fx static methods Fx.isDate(o: any): boolean Input: undefined, Output: false",
                "timedOut": false,
                "duration": 0,
                "state": "passed",
                "speed": "fast",
                "pass": true,
                "fail": false,
                "pending": false,
                "code": "chai_1.expect(fx_1.default.isDate(dataInJs[i])).to.equal(result);",
                "err": {},
                "isRoot": false,
                "uuid": "d754e480-7a3d-42ef-b21a-87a0143bea30",
                "isHook": false,
                "skipped": false
              },
              {
                "title": "Input: object, Output: false",
                "fullTitle": "Fx static methods Fx.isDate(o: any): boolean Input: object, Output: false",
                "timedOut": false,
                "duration": 0,
                "state": "passed",
                "speed": "fast",
                "pass": true,
                "fail": false,
                "pending": false,
                "code": "chai_1.expect(fx_1.default.isDate(dataInJs[i])).to.equal(result);",
                "err": {},
                "isRoot": false,
                "uuid": "509729bf-ce8d-4e28-8db6-77a471b63c7c",
                "isHook": false,
                "skipped": false
              },
              {
                "title": "Input: date, Output: true",
                "fullTitle": "Fx static methods Fx.isDate(o: any): boolean Input: date, Output: true",
                "timedOut": false,
                "duration": 0,
                "state": "passed",
                "speed": "fast",
                "pass": true,
                "fail": false,
                "pending": false,
                "code": "chai_1.expect(fx_1.default.isDate(dataInJs[i])).to.equal(result);",
                "err": {},
                "isRoot": false,
                "uuid": "50d26ed9-4ac2-41fa-8f1b-bb9163ec05ca",
                "isHook": false,
                "skipped": false
              },
              {
                "title": "Input: regexp, Output: false",
                "fullTitle": "Fx static methods Fx.isDate(o: any): boolean Input: regexp, Output: false",
                "timedOut": false,
                "duration": 0,
                "state": "passed",
                "speed": "fast",
                "pass": true,
                "fail": false,
                "pending": false,
                "code": "chai_1.expect(fx_1.default.isDate(dataInJs[i])).to.equal(result);",
                "err": {},
                "isRoot": false,
                "uuid": "b3582f3d-a507-4920-8a01-25c569afe967",
                "isHook": false,
                "skipped": false
              },
              {
                "title": "Input: function, Output: false",
                "fullTitle": "Fx static methods Fx.isDate(o: any): boolean Input: function, Output: false",
                "timedOut": false,
                "duration": 0,
                "state": "passed",
                "speed": "fast",
                "pass": true,
                "fail": false,
                "pending": false,
                "code": "chai_1.expect(fx_1.default.isDate(dataInJs[i])).to.equal(result);",
                "err": {},
                "isRoot": false,
                "uuid": "da062726-63ed-4c1e-944e-18fa612f3bfa",
                "isHook": false,
                "skipped": false
              },
              {
                "title": "Input: array, Output: false",
                "fullTitle": "Fx static methods Fx.isDate(o: any): boolean Input: array, Output: false",
                "timedOut": false,
                "duration": 0,
                "state": "passed",
                "speed": "fast",
                "pass": true,
                "fail": false,
                "pending": false,
                "code": "chai_1.expect(fx_1.default.isDate(dataInJs[i])).to.equal(result);",
                "err": {},
                "isRoot": false,
                "uuid": "575b105c-7e76-4203-a47f-998507f9d6ef",
                "isHook": false,
                "skipped": false
              }
            ],
            "suites": [],
            "passes": [
              "641b8006-295b-447a-ba84-56a8f8abc60d",
              "48bc26ff-1eca-4401-b2d5-ebaf4a239ace",
              "c1e51fa1-684a-44ec-bd73-709057975d11",
              "f13c802b-a87b-4f45-802e-d6e05427b6f5",
              "d754e480-7a3d-42ef-b21a-87a0143bea30",
              "509729bf-ce8d-4e28-8db6-77a471b63c7c",
              "50d26ed9-4ac2-41fa-8f1b-bb9163ec05ca",
              "b3582f3d-a507-4920-8a01-25c569afe967",
              "da062726-63ed-4c1e-944e-18fa612f3bfa",
              "575b105c-7e76-4203-a47f-998507f9d6ef"
            ],
            "failures": [],
            "pending": [],
            "skipped": [],
            "duration": 0,
            "root": false,
            "rootEmpty": false,
            "_timeout": 2000
          },
          {
            "uuid": "79d922b4-8626-489e-adeb-4f211f212074",
            "title": "Fx.isFunction(o: any): boolean",
            "fullFile": "F:\\github\\fx\\test\\static.ts",
            "file": "\\test\\static.ts",
            "beforeHooks": [],
            "afterHooks": [],
            "tests": [
              {
                "title": "Input: string, Output: false",
                "fullTitle": "Fx static methods Fx.isFunction(o: any): boolean Input: string, Output: false",
                "timedOut": false,
                "duration": 1,
                "state": "passed",
                "speed": "fast",
                "pass": true,
                "fail": false,
                "pending": false,
                "code": "chai_1.expect(fx_1.default.isFunction(dataInJs[i])).to.equal(type === 'function');",
                "err": {},
                "isRoot": false,
                "uuid": "6b2dff11-b4be-4f04-b9a9-7698505f1cef",
                "isHook": false,
                "skipped": false
              },
              {
                "title": "Input: number, Output: false",
                "fullTitle": "Fx static methods Fx.isFunction(o: any): boolean Input: number, Output: false",
                "timedOut": false,
                "duration": 0,
                "state": "passed",
                "speed": "fast",
                "pass": true,
                "fail": false,
                "pending": false,
                "code": "chai_1.expect(fx_1.default.isFunction(dataInJs[i])).to.equal(type === 'function');",
                "err": {},
                "isRoot": false,
                "uuid": "e7e714f4-9b01-4fc8-a74b-2b795e9c54d0",
                "isHook": false,
                "skipped": false
              },
              {
                "title": "Input: boolean, Output: false",
                "fullTitle": "Fx static methods Fx.isFunction(o: any): boolean Input: boolean, Output: false",
                "timedOut": false,
                "duration": 0,
                "state": "passed",
                "speed": "fast",
                "pass": true,
                "fail": false,
                "pending": false,
                "code": "chai_1.expect(fx_1.default.isFunction(dataInJs[i])).to.equal(type === 'function');",
                "err": {},
                "isRoot": false,
                "uuid": "a584eb58-472d-4a68-9a7a-a4fa4c1bce24",
                "isHook": false,
                "skipped": false
              },
              {
                "title": "Input: null, Output: false",
                "fullTitle": "Fx static methods Fx.isFunction(o: any): boolean Input: null, Output: false",
                "timedOut": false,
                "duration": 0,
                "state": "passed",
                "speed": "fast",
                "pass": true,
                "fail": false,
                "pending": false,
                "code": "chai_1.expect(fx_1.default.isFunction(dataInJs[i])).to.equal(type === 'function');",
                "err": {},
                "isRoot": false,
                "uuid": "0e55ff60-cc6c-4171-987d-35e3fb04043d",
                "isHook": false,
                "skipped": false
              },
              {
                "title": "Input: undefined, Output: false",
                "fullTitle": "Fx static methods Fx.isFunction(o: any): boolean Input: undefined, Output: false",
                "timedOut": false,
                "duration": 0,
                "state": "passed",
                "speed": "fast",
                "pass": true,
                "fail": false,
                "pending": false,
                "code": "chai_1.expect(fx_1.default.isFunction(dataInJs[i])).to.equal(type === 'function');",
                "err": {},
                "isRoot": false,
                "uuid": "08633209-41dd-4ad6-b3d6-630fec187ac1",
                "isHook": false,
                "skipped": false
              },
              {
                "title": "Input: object, Output: false",
                "fullTitle": "Fx static methods Fx.isFunction(o: any): boolean Input: object, Output: false",
                "timedOut": false,
                "duration": 0,
                "state": "passed",
                "speed": "fast",
                "pass": true,
                "fail": false,
                "pending": false,
                "code": "chai_1.expect(fx_1.default.isFunction(dataInJs[i])).to.equal(type === 'function');",
                "err": {},
                "isRoot": false,
                "uuid": "33521367-cddf-441e-8182-ff1c0e281eb2",
                "isHook": false,
                "skipped": false
              },
              {
                "title": "Input: date, Output: false",
                "fullTitle": "Fx static methods Fx.isFunction(o: any): boolean Input: date, Output: false",
                "timedOut": false,
                "duration": 0,
                "state": "passed",
                "speed": "fast",
                "pass": true,
                "fail": false,
                "pending": false,
                "code": "chai_1.expect(fx_1.default.isFunction(dataInJs[i])).to.equal(type === 'function');",
                "err": {},
                "isRoot": false,
                "uuid": "df9b3c06-6837-41b1-8611-c4da3229bff9",
                "isHook": false,
                "skipped": false
              },
              {
                "title": "Input: regexp, Output: false",
                "fullTitle": "Fx static methods Fx.isFunction(o: any): boolean Input: regexp, Output: false",
                "timedOut": false,
                "duration": 0,
                "state": "passed",
                "speed": "fast",
                "pass": true,
                "fail": false,
                "pending": false,
                "code": "chai_1.expect(fx_1.default.isFunction(dataInJs[i])).to.equal(type === 'function');",
                "err": {},
                "isRoot": false,
                "uuid": "eef9a9bd-68c3-4c79-aa09-73384bb21a71",
                "isHook": false,
                "skipped": false
              },
              {
                "title": "Input: function, Output: true",
                "fullTitle": "Fx static methods Fx.isFunction(o: any): boolean Input: function, Output: true",
                "timedOut": false,
                "duration": 0,
                "state": "passed",
                "speed": "fast",
                "pass": true,
                "fail": false,
                "pending": false,
                "code": "chai_1.expect(fx_1.default.isFunction(dataInJs[i])).to.equal(type === 'function');",
                "err": {},
                "isRoot": false,
                "uuid": "40ea1a27-ad16-41a0-9d19-98122d7437e0",
                "isHook": false,
                "skipped": false
              },
              {
                "title": "Input: array, Output: false",
                "fullTitle": "Fx static methods Fx.isFunction(o: any): boolean Input: array, Output: false",
                "timedOut": false,
                "duration": 0,
                "state": "passed",
                "speed": "fast",
                "pass": true,
                "fail": false,
                "pending": false,
                "code": "chai_1.expect(fx_1.default.isFunction(dataInJs[i])).to.equal(type === 'function');",
                "err": {},
                "isRoot": false,
                "uuid": "1318c797-d668-45b7-be44-098ebe80591c",
                "isHook": false,
                "skipped": false
              }
            ],
            "suites": [],
            "passes": [
              "6b2dff11-b4be-4f04-b9a9-7698505f1cef",
              "e7e714f4-9b01-4fc8-a74b-2b795e9c54d0",
              "a584eb58-472d-4a68-9a7a-a4fa4c1bce24",
              "0e55ff60-cc6c-4171-987d-35e3fb04043d",
              "08633209-41dd-4ad6-b3d6-630fec187ac1",
              "33521367-cddf-441e-8182-ff1c0e281eb2",
              "df9b3c06-6837-41b1-8611-c4da3229bff9",
              "eef9a9bd-68c3-4c79-aa09-73384bb21a71",
              "40ea1a27-ad16-41a0-9d19-98122d7437e0",
              "1318c797-d668-45b7-be44-098ebe80591c"
            ],
            "failures": [],
            "pending": [],
            "skipped": [],
            "duration": 1,
            "root": false,
            "rootEmpty": false,
            "_timeout": 2000
          },
          {
            "uuid": "351cb656-9684-4291-996a-9c01f1d84a7c",
            "title": "Fx.isNull(o: any): boolean",
            "fullFile": "F:\\github\\fx\\test\\static.ts",
            "file": "\\test\\static.ts",
            "beforeHooks": [],
            "afterHooks": [],
            "tests": [
              {
                "title": "Input: string, Output: false",
                "fullTitle": "Fx static methods Fx.isNull(o: any): boolean Input: string, Output: false",
                "timedOut": false,
                "duration": 0,
                "state": "passed",
                "speed": "fast",
                "pass": true,
                "fail": false,
                "pending": false,
                "code": "chai_1.expect(fx_1.default.isNull(dataInJs[i])).to.equal(result);",
                "err": {},
                "isRoot": false,
                "uuid": "85f6ea37-04f1-413f-aa0c-804d1e5cd2a9",
                "isHook": false,
                "skipped": false
              },
              {
                "title": "Input: number, Output: false",
                "fullTitle": "Fx static methods Fx.isNull(o: any): boolean Input: number, Output: false",
                "timedOut": false,
                "duration": 0,
                "state": "passed",
                "speed": "fast",
                "pass": true,
                "fail": false,
                "pending": false,
                "code": "chai_1.expect(fx_1.default.isNull(dataInJs[i])).to.equal(result);",
                "err": {},
                "isRoot": false,
                "uuid": "cacb5710-e56d-4cd4-abb1-e768e85f9144",
                "isHook": false,
                "skipped": false
              },
              {
                "title": "Input: boolean, Output: false",
                "fullTitle": "Fx static methods Fx.isNull(o: any): boolean Input: boolean, Output: false",
                "timedOut": false,
                "duration": 0,
                "state": "passed",
                "speed": "fast",
                "pass": true,
                "fail": false,
                "pending": false,
                "code": "chai_1.expect(fx_1.default.isNull(dataInJs[i])).to.equal(result);",
                "err": {},
                "isRoot": false,
                "uuid": "a8bce4e6-54a6-48b0-b842-5818f3580154",
                "isHook": false,
                "skipped": false
              },
              {
                "title": "Input: null, Output: true",
                "fullTitle": "Fx static methods Fx.isNull(o: any): boolean Input: null, Output: true",
                "timedOut": false,
                "duration": 0,
                "state": "passed",
                "speed": "fast",
                "pass": true,
                "fail": false,
                "pending": false,
                "code": "chai_1.expect(fx_1.default.isNull(dataInJs[i])).to.equal(result);",
                "err": {},
                "isRoot": false,
                "uuid": "e5db3fae-35c6-4f28-9829-21cfe59caa19",
                "isHook": false,
                "skipped": false
              },
              {
                "title": "Input: undefined, Output: false",
                "fullTitle": "Fx static methods Fx.isNull(o: any): boolean Input: undefined, Output: false",
                "timedOut": false,
                "duration": 0,
                "state": "passed",
                "speed": "fast",
                "pass": true,
                "fail": false,
                "pending": false,
                "code": "chai_1.expect(fx_1.default.isNull(dataInJs[i])).to.equal(result);",
                "err": {},
                "isRoot": false,
                "uuid": "b7622c67-655b-4ea5-ad1c-7a66c808bb66",
                "isHook": false,
                "skipped": false
              },
              {
                "title": "Input: object, Output: false",
                "fullTitle": "Fx static methods Fx.isNull(o: any): boolean Input: object, Output: false",
                "timedOut": false,
                "duration": 0,
                "state": "passed",
                "speed": "fast",
                "pass": true,
                "fail": false,
                "pending": false,
                "code": "chai_1.expect(fx_1.default.isNull(dataInJs[i])).to.equal(result);",
                "err": {},
                "isRoot": false,
                "uuid": "79bf9b29-3aec-4ca7-817a-d73f107d0241",
                "isHook": false,
                "skipped": false
              },
              {
                "title": "Input: date, Output: false",
                "fullTitle": "Fx static methods Fx.isNull(o: any): boolean Input: date, Output: false",
                "timedOut": false,
                "duration": 0,
                "state": "passed",
                "speed": "fast",
                "pass": true,
                "fail": false,
                "pending": false,
                "code": "chai_1.expect(fx_1.default.isNull(dataInJs[i])).to.equal(result);",
                "err": {},
                "isRoot": false,
                "uuid": "97e0c2eb-955d-4a38-8695-f3e36030cfd8",
                "isHook": false,
                "skipped": false
              },
              {
                "title": "Input: regexp, Output: false",
                "fullTitle": "Fx static methods Fx.isNull(o: any): boolean Input: regexp, Output: false",
                "timedOut": false,
                "duration": 0,
                "state": "passed",
                "speed": "fast",
                "pass": true,
                "fail": false,
                "pending": false,
                "code": "chai_1.expect(fx_1.default.isNull(dataInJs[i])).to.equal(result);",
                "err": {},
                "isRoot": false,
                "uuid": "795ffb56-56f3-4ea5-a029-3f325b215bf9",
                "isHook": false,
                "skipped": false
              },
              {
                "title": "Input: function, Output: false",
                "fullTitle": "Fx static methods Fx.isNull(o: any): boolean Input: function, Output: false",
                "timedOut": false,
                "duration": 0,
                "state": "passed",
                "speed": "fast",
                "pass": true,
                "fail": false,
                "pending": false,
                "code": "chai_1.expect(fx_1.default.isNull(dataInJs[i])).to.equal(result);",
                "err": {},
                "isRoot": false,
                "uuid": "766855d3-3a54-4d29-b4b4-e79977d35258",
                "isHook": false,
                "skipped": false
              },
              {
                "title": "Input: array, Output: false",
                "fullTitle": "Fx static methods Fx.isNull(o: any): boolean Input: array, Output: false",
                "timedOut": false,
                "duration": 0,
                "state": "passed",
                "speed": "fast",
                "pass": true,
                "fail": false,
                "pending": false,
                "code": "chai_1.expect(fx_1.default.isNull(dataInJs[i])).to.equal(result);",
                "err": {},
                "isRoot": false,
                "uuid": "9d1b64a6-91b8-41a2-a441-78fff9a0e6b8",
                "isHook": false,
                "skipped": false
              }
            ],
            "suites": [],
            "passes": [
              "85f6ea37-04f1-413f-aa0c-804d1e5cd2a9",
              "cacb5710-e56d-4cd4-abb1-e768e85f9144",
              "a8bce4e6-54a6-48b0-b842-5818f3580154",
              "e5db3fae-35c6-4f28-9829-21cfe59caa19",
              "b7622c67-655b-4ea5-ad1c-7a66c808bb66",
              "79bf9b29-3aec-4ca7-817a-d73f107d0241",
              "97e0c2eb-955d-4a38-8695-f3e36030cfd8",
              "795ffb56-56f3-4ea5-a029-3f325b215bf9",
              "766855d3-3a54-4d29-b4b4-e79977d35258",
              "9d1b64a6-91b8-41a2-a441-78fff9a0e6b8"
            ],
            "failures": [],
            "pending": [],
            "skipped": [],
            "duration": 0,
            "root": false,
            "rootEmpty": false,
            "_timeout": 2000
          },
          {
            "uuid": "bc5a440b-4e3b-441c-8181-6fe76d8966d7",
            "title": "Fx.isObject(o: any): boolean",
            "fullFile": "F:\\github\\fx\\test\\static.ts",
            "file": "\\test\\static.ts",
            "beforeHooks": [],
            "afterHooks": [],
            "tests": [
              {
                "title": "Input: string, Output: false",
                "fullTitle": "Fx static methods Fx.isObject(o: any): boolean Input: string, Output: false",
                "timedOut": false,
                "duration": 0,
                "state": "passed",
                "speed": "fast",
                "pass": true,
                "fail": false,
                "pending": false,
                "code": "chai_1.expect(fx_1.default.isObject(dataInJs[i])).to.equal(result);",
                "err": {},
                "isRoot": false,
                "uuid": "0ee2f3cc-ffb3-4ec4-a94c-9f0fc9923bf3",
                "isHook": false,
                "skipped": false
              },
              {
                "title": "Input: number, Output: false",
                "fullTitle": "Fx static methods Fx.isObject(o: any): boolean Input: number, Output: false",
                "timedOut": false,
                "duration": 0,
                "state": "passed",
                "speed": "fast",
                "pass": true,
                "fail": false,
                "pending": false,
                "code": "chai_1.expect(fx_1.default.isObject(dataInJs[i])).to.equal(result);",
                "err": {},
                "isRoot": false,
                "uuid": "17d9b979-0741-43ce-8da3-f6802674e347",
                "isHook": false,
                "skipped": false
              },
              {
                "title": "Input: boolean, Output: false",
                "fullTitle": "Fx static methods Fx.isObject(o: any): boolean Input: boolean, Output: false",
                "timedOut": false,
                "duration": 0,
                "state": "passed",
                "speed": "fast",
                "pass": true,
                "fail": false,
                "pending": false,
                "code": "chai_1.expect(fx_1.default.isObject(dataInJs[i])).to.equal(result);",
                "err": {},
                "isRoot": false,
                "uuid": "342dab0c-6df0-47a0-9b5c-43f85381c16e",
                "isHook": false,
                "skipped": false
              },
              {
                "title": "Input: null, Output: false",
                "fullTitle": "Fx static methods Fx.isObject(o: any): boolean Input: null, Output: false",
                "timedOut": false,
                "duration": 0,
                "state": "passed",
                "speed": "fast",
                "pass": true,
                "fail": false,
                "pending": false,
                "code": "chai_1.expect(fx_1.default.isObject(dataInJs[i])).to.equal(result);",
                "err": {},
                "isRoot": false,
                "uuid": "b7c09e29-9eac-41b2-ab04-dbe01690f143",
                "isHook": false,
                "skipped": false
              },
              {
                "title": "Input: undefined, Output: false",
                "fullTitle": "Fx static methods Fx.isObject(o: any): boolean Input: undefined, Output: false",
                "timedOut": false,
                "duration": 1,
                "state": "passed",
                "speed": "fast",
                "pass": true,
                "fail": false,
                "pending": false,
                "code": "chai_1.expect(fx_1.default.isObject(dataInJs[i])).to.equal(result);",
                "err": {},
                "isRoot": false,
                "uuid": "7ad4623e-584c-40bc-b14c-dd9855660831",
                "isHook": false,
                "skipped": false
              },
              {
                "title": "Input: object, Output: true",
                "fullTitle": "Fx static methods Fx.isObject(o: any): boolean Input: object, Output: true",
                "timedOut": false,
                "duration": 0,
                "state": "passed",
                "speed": "fast",
                "pass": true,
                "fail": false,
[...]
                "isRoot": false,
                "uuid": "8af27b34-b1f5-4494-9a46-041b823ff337",
                "isHook": false,
                "skipped": false
              },
              {
                "title": "Input: array, Output: true",
                "fullTitle": "Fx static methods Fx.isObject(o: any): boolean Input: array, Output: true",
                "timedOut": false,
                "duration": 0,
                "state": "passed",
                "speed": "fast",
                "pass": true,
                "fail": false,
                "pending": false,
                "code": "chai_1.expect(fx_1.default.isObject(dataInJs[i])).to.equal(result);",
                "err": {},
                "isRoot": false,
                "uuid": "bf2eb07f-cf80-4e09-90d6-3cdf6fa2a5c6",
                "isHook": false,
                "skipped": false
              }
            ],
            "suites": [],
            "passes": [
              "0ee2f3cc-ffb3-4ec4-a94c-9f0fc9923bf3",
              "17d9b979-0741-43ce-8da3-f6802674e347",
              "342dab0c-6df0-47a0-9b5c-43f85381c16e",
              "b7c09e29-9eac-41b2-ab04-dbe01690f143",
              "7ad4623e-584c-40bc-b14c-dd9855660831",
              "5f392250-3129-493c-b644-365d3b04703e",
              "af306687-f654-474f-82a7-750e0efa44ff",
              "01df4f7e-1de6-4e50-af21-f2397bf0e76f",
              "8af27b34-b1f5-4494-9a46-041b823ff337",
              "bf2eb07f-cf80-4e09-90d6-3cdf6fa2a5c6"
            ],
            "failures": [],
            "pending": [],
            "skipped": [],
            "duration": 1,
            "root": false,
            "rootEmpty": false,
            "_timeout": 2000
          },
          {
            "uuid": "594274a6-6daa-49a2-9180-ef28cd87fc67",
            "title": "Fx.isRegExp(o: any): boolean",
            "fullFile": "F:\\github\\fx\\test\\static.ts",
            "file": "\\test\\static.ts",
            "beforeHooks": [],
            "afterHooks": [],
            "tests": [
              {
                "title": "Input: string, Output: false",
                "fullTitle": "Fx static methods Fx.isRegExp(o: any): boolean Input: string, Output: false",
                "timedOut": false,
                "duration": 0,
                "state": "passed",
                "speed": "fast",
                "pass": true,
                "fail": false,
                "pending": false,
                "code": "chai_1.expect(fx_1.default.isRegExp(dataInJs[i])).to.equal(result);",
                "err": {},
                "isRoot": false,
                "uuid": "74bd6f17-2bae-49c0-b992-575349a293a2",
                "isHook": false,
                "skipped": false
              },
              {
                "title": "Input: number, Output: false",
                "fullTitle": "Fx static methods Fx.isRegExp(o: any): boolean Input: number, Output: false",
                "timedOut": false,
                "duration": 0,
                "state": "passed",
                "speed": "fast",
                "pass": true,
                "fail": false,
                "pending": false,
                "code": "chai_1.expect(fx_1.default.isRegExp(dataInJs[i])).to.equal(result);",
                "err": {},
                "isRoot": false,
                "uuid": "df4a1b60-a32d-4d7c-b4ea-3c3f8f91dada",
                "isHook": false,
                "skipped": false
              },
              {
                "title": "Input: boolean, Output: false",
                "fullTitle": "Fx static methods Fx.isRegExp(o: any): boolean Input: boolean, Output: false",
                "timedOut": false,
                "duration": 0,
                "state": "passed",
                "speed": "fast",
                "pass": true,
                "fail": false,
                "pending": false,
                "code": "chai_1.expect(fx_1.default.isRegExp(dataInJs[i])).to.equal(result);",
                "err": {},
                "isRoot": false,
                "uuid": "bbdc4dc3-709f-4469-bcac-012b8ad63db2",
                "isHook": false,
                "skipped": false
              },
              {
                "title": "Input: null, Output: false",
                "fullTitle": "Fx static methods Fx.isRegExp(o: any): boolean Input: null, Output: false",
                "timedOut": false,
                "duration": 0,
                "state": "passed",
                "speed": "fast",
                "pass": true,
                "fail": false,
                "pending": false,
                "code": "chai_1.expect(fx_1.default.isRegExp(dataInJs[i])).to.equal(result);",
                "err": {},
                "isRoot": false,
                "uuid": "7a7228e3-227d-4106-9087-ad36df7ae06c",
                "isHook": false,
                "skipped": false
              },
              {
                "title": "Input: undefined, Output: false",
                "fullTitle": "Fx static methods Fx.isRegExp(o: any): boolean Input: undefined, Output: false",
                "timedOut": false,
                "duration": 0,
                "state": "passed",
                "speed": "fast",
                "pass": true,
                "fail": false,
                "pending": false,
                "code": "chai_1.expect(fx_1.default.isRegExp(dataInJs[i])).to.equal(result);",
                "err": {},
                "isRoot": false,
                "uuid": "415d5721-24d4-42f0-903d-245e22809fe5",
                "isHook": false,
                "skipped": false
              },
              {
                "title": "Input: object, Output: false",
                "fullTitle": "Fx static methods Fx.isRegExp(o: any): boolean Input: object, Output: false",
                "timedOut": false,
                "duration": 0,
                "state": "passed",
                "speed": "fast",
                "pass": true,
                "fail": false,
                "pending": false,
                "code": "chai_1.expect(fx_1.default.isRegExp(dataInJs[i])).to.equal(result);",
                "err": {},
                "isRoot": false,
                "uuid": "07faa7e8-dfe5-47a1-8d06-f0fd0f515dfd",
                "isHook": false,
                "skipped": false
              },
              {
                "title": "Input: date, Output: false",
                "fullTitle": "Fx static methods Fx.isRegExp(o: any): boolean Input: date, Output: false",
                "timedOut": false,
                "duration": 0,
                "state": "passed",
                "speed": "fast",
                "pass": true,
                "fail": false,
                "pending": false,
                "code": "chai_1.expect(fx_1.default.isRegExp(dataInJs[i])).to.equal(result);",
                "err": {},
                "isRoot": false,
                "uuid": "cce7b775-6c1c-4b0e-8ad9-2b743ef01ad5",
                "isHook": false,
                "skipped": false
              },
              {
                "title": "Input: regexp, Output: true",
                "fullTitle": "Fx static methods Fx.isRegExp(o: any): boolean Input: regexp, Output: true",
                "timedOut": false,
                "duration": 0,
                "state": "passed",
                "speed": "fast",
                "pass": true,
                "fail": false,
                "pending": false,
                "code": "chai_1.expect(fx_1.default.isRegExp(dataInJs[i])).to.equal(result);",
                "err": {},
                "isRoot": false,
                "uuid": "b296743f-6d9a-4331-a170-1cf5b51c3e75",
                "isHook": false,
                "skipped": false
              },
              {
                "title": "Input: function, Output: false",
                "fullTitle": "Fx static methods Fx.isRegExp(o: any): boolean Input: function, Output: false",
                "timedOut": false,
                "duration": 1,
                "state": "passed",
                "speed": "fast",
                "pass": true,
                "fail": false,
                "pending": false,
                "code": "chai_1.expect(fx_1.default.isRegExp(dataInJs[i])).to.equal(result);",
                "err": {},
                "isRoot": false,
                "uuid": "20fd7943-ab34-4d34-9597-f2810a4c19bc",
                "isHook": false,
                "skipped": false
              },
              {
                "title": "Input: array, Output: false",
                "fullTitle": "Fx static methods Fx.isRegExp(o: any): boolean Input: array, Output: false",
                "timedOut": false,
                "duration": 0,
                "state": "passed",
                "speed": "fast",
                "pass": true,
                "fail": false,
                "pending": false,
                "code": "chai_1.expect(fx_1.default.isRegExp(dataInJs[i])).to.equal(result);",
                "err": {},
                "isRoot": false,
                "uuid": "4b142550-a334-44f3-941e-95a1bd58dd5d",
                "isHook": false,
                "skipped": false
              }
            ],
            "suites": [],
            "passes": [
              "74bd6f17-2bae-49c0-b992-575349a293a2",
              "df4a1b60-a32d-4d7c-b4ea-3c3f8f91dada",
              "bbdc4dc3-709f-4469-bcac-012b8ad63db2",
              "7a7228e3-227d-4106-9087-ad36df7ae06c",
              "415d5721-24d4-42f0-903d-245e22809fe5",
              "07faa7e8-dfe5-47a1-8d06-f0fd0f515dfd",
              "cce7b775-6c1c-4b0e-8ad9-2b743ef01ad5",
              "b296743f-6d9a-4331-a170-1cf5b51c3e75",
              "20fd7943-ab34-4d34-9597-f2810a4c19bc",
              "4b142550-a334-44f3-941e-95a1bd58dd5d"
            ],
            "failures": [],
            "pending": [],
            "skipped": [],
            "duration": 1,
            "root": false,
            "rootEmpty": false,
            "_timeout": 2000
          },
          {
            "uuid": "d4d4d073-0911-4c2e-a425-7db846d569f5",
            "title": "Fx.isArray(o: any): boolean",
            "fullFile": "F:\\github\\fx\\test\\static.ts",
            "file": "\\test\\static.ts",
            "beforeHooks": [],
            "afterHooks": [],
            "tests": [
              {
                "title": "Input: string, Output: false",
                "fullTitle": "Fx static methods Fx.isArray(o: any): boolean Input: string, Output: false",
                "timedOut": false,
                "duration": 0,
                "state": "passed",
                "speed": "fast",
                "pass": true,
                "fail": false,
                "pending": false,
                "code": "chai_1.expect(fx_1.default.isArray(dataInJs[i])).to.equal(result);",
                "err": {},
                "isRoot": false,
                "uuid": "2d55684d-1c64-4db0-9c44-b6f48f157466",
                "isHook": false,
                "skipped": false
              },
              {
                "title": "Input: number, Output: false",
                "fullTitle": "Fx static methods Fx.isArray(o: any): boolean Input: number, Output: false",
                "timedOut": false,
                "duration": 0,
                "state": "passed",
                "speed": "fast",
                "pass": true,
                "fail": false,
                "pending": false,
                "code": "chai_1.expect(fx_1.default.isArray(dataInJs[i])).to.equal(result);",
                "err": {},
                "isRoot": false,
                "uuid": "f5a01a91-5c00-4921-ac40-fbf838da9520",
                "isHook": false,
                "skipped": false
              },
              {
                "title": "Input: boolean, Output: false",
                "fullTitle": "Fx static methods Fx.isArray(o: any): boolean Input: boolean, Output: false",
                "timedOut": false,
                "duration": 0,
                "state": "passed",
                "speed": "fast",
                "pass": true,
                "fail": false,
                "pending": false,
                "code": "chai_1.expect(fx_1.default.isArray(dataInJs[i])).to.equal(result);",
                "err": {},
                "isRoot": false,
                "uuid": "c5f3922a-a2b3-452b-bdf3-edb3a35494fc",
                "isHook": false,
                "skipped": false
              },
              {
                "title": "Input: null, Output: false",
                "fullTitle": "Fx static methods Fx.isArray(o: any): boolean Input: null, Output: false",
                "timedOut": false,
                "duration": 0,
                "state": "passed",
                "speed": "fast",
                "pass": true,
                "fail": false,
                "pending": false,
                "code": "chai_1.expect(fx_1.default.isArray(dataInJs[i])).to.equal(result);",
                "err": {},
                "isRoot": false,
                "uuid": "ed8587ba-4069-4de9-970e-02b0620426f0",
                "isHook": false,
                "skipped": false
              },
              {
                "title": "Input: undefined, Output: false",
                "fullTitle": "Fx static methods Fx.isArray(o: any): boolean Input: undefined, Output: false",
                "timedOut": false,
                "duration": 0,
                "state": "passed",
                "speed": "fast",
                "pass": true,
                "fail": false,
                "pending": false,
                "code": "chai_1.expect(fx_1.default.isArray(dataInJs[i])).to.equal(result);",
                "err": {},
                "isRoot": false,
                "uuid": "def3ad90-77c0-457d-bcbb-4ff8535e452b",
                "isHook": false,
                "skipped": false
              },
              {
                "title": "Input: object, Output: false",
                "fullTitle": "Fx static methods Fx.isArray(o: any): boolean Input: object, Output: false",
                "timedOut": false,
                "duration": 0,
                "state": "passed",
                "speed": "fast",
                "pass": true,
                "fail": false,
                "pending": false,
                "code": "chai_1.expect(fx_1.default.isArray(dataInJs[i])).to.equal(result);",
                "err": {},
                "isRoot": false,
                "uuid": "799cc2cc-9a16-4866-b720-b44409018663",
                "isHook": false,
                "skipped": false
              },
              {
                "title": "Input: date, Output: false",
                "fullTitle": "Fx static methods Fx.isArray(o: any): boolean Input: date, Output: false",
                "timedOut": false,
                "duration": 0,
                "state": "passed",
                "speed": "fast",
                "pass": true,
                "fail": false,
                "pending": false,
                "code": "chai_1.expect(fx_1.default.isArray(dataInJs[i])).to.equal(result);",
                "err": {},
                "isRoot": false,
                "uuid": "c990915a-291b-44d6-8076-5d5029126ab1",
                "isHook": false,
                "skipped": false
              },
              {
                "title": "Input: regexp, Output: false",
                "fullTitle": "Fx static methods Fx.isArray(o: any): boolean Input: regexp, Output: false",
                "timedOut": false,
                "duration": 0,
                "state": "passed",
                "speed": "fast",
                "pass": true,
                "fail": false,
                "pending": false,
                "code": "chai_1.expect(fx_1.default.isArray(dataInJs[i])).to.equal(result);",
                "err": {},
                "isRoot": false,
                "uuid": "4f4457d9-99d5-487e-bd70-23ee59eeca31",
                "isHook": false,
                "skipped": false
              },
              {
                "title": "Input: function, Output: false",
                "fullTitle": "Fx static methods Fx.isArray(o: any): boolean Input: function, Output: false",
                "timedOut": false,
                "duration": 1,
                "state": "passed",
                "speed": "fast",
                "pass": true,
                "fail": false,
                "pending": false,
                "code": "chai_1.expect(fx_1.default.isArray(dataInJs[i])).to.equal(result);",
                "err": {},
                "isRoot": false,
                "uuid": "e9d26606-9538-4260-bd1f-c546009aa9d7",
                "isHook": false,
                "skipped": false
              },
              {
                "title": "Input: array, Output: true",
                "fullTitle": "Fx static methods Fx.isArray(o: any): boolean Input: array, Output: true",
                "timedOut": false,
                "duration": 0,
                "state": "passed",
                "speed": "fast",
                "pass": true,
                "fail": false,
                "pending": false,
                "code": "chai_1.expect(fx_1.default.isArray(dataInJs[i])).to.equal(result);",
                "err": {},
                "isRoot": false,
                "uuid": "9d0c76c6-1d57-4012-81a9-418ee78b68f2",
                "isHook": false,
                "skipped": false
              }
            ],
            "suites": [],
            "passes": [
              "2d55684d-1c64-4db0-9c44-b6f48f157466",
              "f5a01a91-5c00-4921-ac40-fbf838da9520",
              "c5f3922a-a2b3-452b-bdf3-edb3a35494fc",
              "ed8587ba-4069-4de9-970e-02b0620426f0",
              "def3ad90-77c0-457d-bcbb-4ff8535e452b",
              "799cc2cc-9a16-4866-b720-b44409018663",
              "c990915a-291b-44d6-8076-5d5029126ab1",
              "4f4457d9-99d5-487e-bd70-23ee59eeca31",
              "e9d26606-9538-4260-bd1f-c546009aa9d7",
              "9d0c76c6-1d57-4012-81a9-418ee78b68f2"
            ],
            "failures": [],
            "pending": [],
            "skipped": [],
            "duration": 1,
            "root": false,
            "rootEmpty": false,
            "_timeout": 2000
          },
          {
            "uuid": "7d4e21fe-1173-43f8-a002-6e92769e7621",
            "title": "Fx.guid(): string",
            "fullFile": "F:\\github\\fx\\test\\static.ts",
            "file": "\\test\\static.ts",
            "beforeHooks": [],
            "afterHooks": [],
            "tests": [
              {
                "title": "Output: 2a418b92-bf6d-4e80-8435-2cae781ab552",
                "fullTitle": "Fx static methods Fx.guid(): string Output: 2a418b92-bf6d-4e80-8435-2cae781ab552",
                "timedOut": false,
                "duration": 0,
                "state": "passed",
                "speed": "fast",
                "pass": true,
                "fail": false,
                "pending": false,
                "code": "chai_1.expect(fx_1.default.guid().length).to.equal(36);",
                "err": {},
                "isRoot": false,
                "uuid": "ded09f24-6478-4ec2-90ff-2dfb305cbaec",
                "isHook": false,
                "skipped": false
              }
            ],
            "suites": [],
            "passes": [
              "ded09f24-6478-4ec2-90ff-2dfb305cbaec"
            ],
            "failures": [],
            "pending": [],
            "skipped": [],
            "duration": 0,
            "root": false,
            "rootEmpty": false,
            "_timeout": 2000
          }
        ],
        "passes": [],
        "failures": [],
        "pending": [],
        "skipped": [],
        "duration": 0,
        "root": false,
        "rootEmpty": false,
        "_timeout": 2000
      }
    ],
    "passes": [],
    "failures": [],
    "pending": [],
    "skipped": [],
    "duration": 0,
    "root": true,
    "rootEmpty": true,
    "_timeout": 2000
  },
  "copyrightYear": 2019
}